<?xml version="1.0" encoding="UTF-8"?>
<!-- Generated by org.testng.reporters.JUnitXMLReporter -->
<testsuite ignored="0" hostname="LAPTOP-2DBSRI6Q" failures="1" tests="2" name="Test" time="3.332" errors="0" timestamp="2023-12-09T12:41:18 IST">
  <testcase classname="practise.CreateContactlistTest" name="m1Test" time="3.293"/>
  <testcase classname="practise.DemoTest" name="demoTest" time="0.001">
    <failure type="java.lang.NullPointerException" message="Cannot invoke &amp;quot;String.equalsIgnoreCase(String)&amp;quot; because &amp;quot;BROWSER&amp;quot; is null">
      <![CDATA[java.lang.NullPointerException: Cannot invoke "String.equalsIgnoreCase(String)" because "BROWSER" is null
at practise.DemoTest.demoTest(DemoTest.java:22)
at java.base/java.util.ArrayList.forEach(ArrayList.java:1511)
at java.base/java.util.concurrent.FutureTask.run(FutureTask.java:317)
at java.base/java.util.concurrent.ThreadPoolExecutor.runWorker(ThreadPoolExecutor.java:1144)
at java.base/java.util.concurrent.ThreadPoolExecutor$Worker.run(ThreadPoolExecutor.java:642)
at java.base/java.lang.Thread.run(Thread.java:1623)
... Removed 15 stack frames]]>
    </failure>
  </testcase> <!-- demoTest -->
</testsuite> <!-- Test -->
